<?xml version="1.0" encoding="UTF-8"?>
<testsuite xmlns:xsi="http://www.w3.org/2001/XMLSchema-instance" xsi:noNamespaceSchemaLocation="https://maven.apache.org/surefire/maven-surefire-plugin/xsd/surefire-test-report.xsd" version="3.0.2" name="com.takayuki.qe.tests.LoginSuccessTest" time="32.695" tests="1" errors="1" skipped="0" failures="0">
  <properties>
[...]
</properties>
  <testcase name="login_success_should_show_products" classname="com.takayuki.qe.tests.LoginSuccessTest" time="32.683">
    <error message="Error {&#10;  message=&apos;Timeout 30000ms exceeded.&#10;  name=&apos;TimeoutError&#10;  stack=&apos;TimeoutError: Timeout 30000ms exceeded.&#10;    at ProgressController.run (C:\Users\runti\AppData\Local\Temp\playwright-java-17560972395481529663\package\lib\server\progress.js:75:26)&#10;    at Frame.fill (C:\Users\runti\AppData\Local\Temp\playwright-java-17560972395481529663\package\lib\server\frames.js:1071:23)&#10;    at FrameDispatcher.fill (C:\Users\runti\AppData\Local\Temp\playwright-java-17560972395481529663\package\lib\server\dispatchers\frameDispatcher.js:171:30)&#10;    at FrameDispatcher._handleCommand (C:\Users\runti\AppData\Local\Temp\playwright-java-17560972395481529663\package\lib\server\dispatchers\dispatcher.js:94:40)&#10;    at DispatcherConnection.dispatch (C:\Users\runti\AppData\Local\Temp\playwright-java-17560972395481529663\package\lib\server\dispatchers\dispatcher.js:361:39)&#10;}&#10;Call log:&#10;-   - waiting for locator(&quot;#password-xxx&quot;)&#10;" type="com.microsoft.playwright.TimeoutError"><![CDATA[com.microsoft.playwright.TimeoutError: 
Error {
  message='Timeout 30000ms exceeded.
  name='TimeoutError
  stack='TimeoutError: Timeout 30000ms exceeded.
    at ProgressController.run (C:\Users\runti\AppData\Local\Temp\playwright-java-17560972395481529663\package\lib\server\progress.js:75:26)
    at Frame.fill (C:\Users\runti\AppData\Local\Temp\playwright-java-17560972395481529663\package\lib\server\frames.js:1071:23)
    at FrameDispatcher.fill (C:\Users\runti\AppData\Local\Temp\playwright-java-17560972395481529663\package\lib\server\dispatchers\frameDispatcher.js:171:30)
    at FrameDispatcher._handleCommand (C:\Users\runti\AppData\Local\Temp\playwright-java-17560972395481529663\package\lib\server\dispatchers\dispatcher.js:94:40)
    at DispatcherConnection.dispatch (C:\Users\runti\AppData\Local\Temp\playwright-java-17560972395481529663\package\lib\server\dispatchers\dispatcher.js:361:39)
}
Call log:
-   - waiting for locator("#password-xxx")

	at com.microsoft.playwright.impl.WaitableResult.get(WaitableResult.java:52)
	at com.microsoft.playwright.impl.ChannelOwner.runUntil(ChannelOwner.java:132)
	at com.microsoft.playwright.impl.Connection.sendMessage(Connection.java:130)
	at com.microsoft.playwright.impl.ChannelOwner.sendMessage(ChannelOwner.java:118)
	at com.microsoft.playwright.impl.FrameImpl.fillImpl(FrameImpl.java:335)
	at com.microsoft.playwright.impl.FrameImpl.lambda$fill$14(FrameImpl.java:325)
	at com.microsoft.playwright.impl.LoggingSupport.lambda$withLogging$0(LoggingSupport.java:36)
	at com.microsoft.playwright.impl.LoggingSupport.withLogging(LoggingSupport.java:47)
	at com.microsoft.playwright.impl.ChannelOwner.withLogging(ChannelOwner.java:97)
	at com.microsoft.playwright.impl.LoggingSupport.withLogging(LoggingSupport.java:35)
	at com.microsoft.playwright.impl.FrameImpl.fill(FrameImpl.java:325)
	at com.microsoft.playwright.impl.LocatorImpl.fill(LocatorImpl.java:250)
	at com.microsoft.playwright.Locator.fill(Locator.java:3072)
	at com.takayuki.qe.pages.LoginPage.login(LoginPage.java:25)
	at com.takayuki.qe.tests.LoginSuccessTest.login_success_should_show_products(LoginSuccessTest.java:17)
	at java.base/java.lang.reflect.Method.invoke(Method.java:580)
	at java.base/java.util.ArrayList.forEach(ArrayList.java:1596)
	at java.base/java.util.ArrayList.forEach(ArrayList.java:1596)
Caused by: com.microsoft.playwright.TimeoutError: Error {
  message='Timeout 30000ms exceeded.
  name='TimeoutError
  stack='TimeoutError: Timeout 30000ms exceeded.
    at ProgressController.run (C:\Users\runti\AppData\Local\Temp\playwright-java-17560972395481529663\package\lib\server\progress.js:75:26)
    at Frame.fill (C:\Users\runti\AppData\Local\Temp\playwright-java-17560972395481529663\package\lib\server\frames.js:1071:23)
    at FrameDispatcher.fill (C:\Users\runti\AppData\Local\Temp\playwright-java-17560972395481529663\package\lib\server\dispatchers\frameDispatcher.js:171:30)
    at FrameDispatcher._handleCommand (C:\Users\runti\AppData\Local\Temp\playwright-java-17560972395481529663\package\lib\server\dispatchers\dispatcher.js:94:40)
    at DispatcherConnection.dispatch (C:\Users\runti\AppData\Local\Temp\playwright-java-17560972395481529663\package\lib\server\dispatchers\dispatcher.js:361:39)
}
Call log:
-   - waiting for locator("#password-xxx")

	at com.microsoft.playwright.impl.Connection.dispatch(Connection.java:254)
	at com.microsoft.playwright.impl.Connection.processOneMessage(Connection.java:211)
	at com.microsoft.playwright.impl.ChannelOwner.runUntil(ChannelOwner.java:130)
	... 16 more
]]></error>
  </testcase>
</testsuite>